c:\users\sebas\source\repos\mfc_usb_2023\debug\mfc_usb_2023.pch
c:\users\sebas\source\repos\mfc_usb_2023\debug\vc143.pdb
c:\users\sebas\source\repos\mfc_usb_2023\debug\vc143.idb
c:\users\sebas\source\repos\mfc_usb_2023\debug\pch.obj
c:\users\sebas\source\repos\mfc_usb_2023\debug\usb.obj
c:\users\sebas\source\repos\mfc_usb_2023\debug\mfc_usb_2023dlg.obj
c:\users\sebas\source\repos\mfc_usb_2023\debug\mfc_usb_2023.obj
c:\users\sebas\source\repos\mfc_usb_2023\debug\mfc_usb_2023.exe
c:\users\sebas\source\repos\mfc_usb_2023\debug\mfc_usb_2023.ilk
c:\users\sebas\source\repos\mfc_usb_2023\debug\mfc_usb_2023.pdb
c:\users\sebas\source\repos\mfc_usb_2023\debug\mfcusb2023.res
c:\users\sebas\source\repos\mfc_usb_2023\debug\mfc_usb_2023.tlog\cl.command.1.tlog
c:\users\sebas\source\repos\mfc_usb_2023\debug\mfc_usb_2023.tlog\cl.items.tlog
c:\users\sebas\source\repos\mfc_usb_2023\debug\mfc_usb_2023.tlog\cl.read.1.tlog
c:\users\sebas\source\repos\mfc_usb_2023\debug\mfc_usb_2023.tlog\cl.write.1.tlog
c:\users\sebas\source\repos\mfc_usb_2023\debug\mfc_usb_2023.tlog\link.command.1.tlog
c:\users\sebas\source\repos\mfc_usb_2023\debug\mfc_usb_2023.tlog\link.read.1.tlog
c:\users\sebas\source\repos\mfc_usb_2023\debug\mfc_usb_2023.tlog\link.write.1.tlog
c:\users\sebas\source\repos\mfc_usb_2023\debug\mfc_usb_2023.tlog\rc.command.1.tlog
c:\users\sebas\source\repos\mfc_usb_2023\debug\mfc_usb_2023.tlog\rc.read.1.tlog
c:\users\sebas\source\repos\mfc_usb_2023\debug\mfc_usb_2023.tlog\rc.write.1.tlog
